[2017/07/06 11:53:45am]
[sanketh@artifactid.com][login module]successfully login by  sanketh@artifactid.com

[2017/07/06 11:57:14am]
[sanketh@artifactid.com][login module]successfully login by  sanketh@artifactid.com

[2017/07/06 12:06:30pm]
[sanketh@artifactid.com][login module]successfully login by  sanketh@artifactid.com

[2017/07/06 12:40:53pm]
[sanketh][wallet module]amount debited by sanketh

[2017/07/06 12:42:37pm]
[sanketh][wallet module]amount credited by sanketh

[2017/07/06 12:48:47pm]
[2017/07/06 09:18:47am][sanketh][Profile] sankethprofile changed successfully  sanketh

[2017/07/06 12:52:33pm]
[sanketh@artifactid.com][login module]successfully login by  sanketh@artifactid.com

[2017/07/07 11:35:18am]
[manju@gmail.com][login module]successfully login by  manju@gmail.com

[2017/07/07 02:38:58pm]
[2017/07/07 11:08:58am][sanketh][HR module] sanketh account updated by sanketh

[2017/07/07 02:39:58pm]
[2017/07/07 11:09:58am][sanketh][HR module] sanketh account updated by sanketh

[2017/07/07 02:44:16pm]
[2017/07/07 11:14:16am][sanketh][HR module] sanketh account updated by sanketh

[2017/07/07 03:18:34pm]
[2017/07/07 11:48:34am][sanketh][HR module] sanketh account  added by sanketh

[2017/07/07 03:20:51pm]
[2017/07/07 11:50:51am][sanketh][HR module] sanketh account updated by sanketh

[2017/07/07 03:33:38pm]
[2017/07/07 12:03:38pm][sanketh][HR module] sanketh account  added by sanketh

[2017/07/07 03:35:47pm]
[2017/07/07 12:05:47pm][sanketh][HR module] account deleted by sanketh

[2017/07/07 03:45:54pm]
[2017/07/07 12:15:54pm][sanketh][HR module] sanketh account updated by sanketh

[2017/07/07 04:03:53pm]
[2017/07/07 12:33:53pm][sanketh][HR module] sanketh account  added by sanketh

[2017/07/07 04:52:07pm]
[2017/07/07 01:22:07pm][sanketh][HR module] sanketh account updated by sanketh

[2017/07/07 04:52:19pm]
[2017/07/07 01:22:19pm][sanketh][HR module] sanketh account updated by sanketh

[2017/07/07 04:56:48pm]
[2017/07/07 01:26:48pm][sanketh][HR module] sanketh account updated by sanketh

[2017/07/07 04:57:07pm]
[2017/07/07 01:27:07pm][sanketh][HR module] sanketh account updated by sanketh

[2017/07/07 04:57:30pm]
[2017/07/07 01:27:30pm][sanketh][HR module] sanketh account updated by sanketh

[2017/07/07 04:58:15pm]
[2017/07/07 01:28:15pm][sanketh][HR module] sanketh account updated by sanketh

[2017/07/07 04:58:40pm]
[2017/07/07 01:28:40pm][sanketh][HR module] sanketh account updated by sanketh

[2017/07/07 04:59:38pm]
[2017/07/07 01:29:38pm][Sanketh][HR module] account deleted by Sanketh

[2017/07/07 05:00:08pm]
[2017/07/07 01:30:08pm][Sanketh][HR module] account deleted by Sanketh

[2017/07/07 05:00:17pm]
[2017/07/07 01:30:17pm][Sanketh][HR module] account deleted by Sanketh

[2017/07/07 05:00:36pm]
[2017/07/07 01:30:36pm][Sanketh][HR module] account deleted by Sanketh

[2017/07/07 05:00:47pm]
[2017/07/07 01:30:47pm][Sanketh][HR module] account deleted by Sanketh

[2017/07/07 05:01:03pm]
[2017/07/07 01:31:03pm][Sanketh][HR module] account deleted by Sanketh

[2017/07/07 05:05:15pm]
[2017/07/07 01:35:15pm][Sanketh][HR module] Sanketh account updated by Sanketh

[2017/07/07 05:05:33pm]
[2017/07/07 01:35:33pm][Sanketh][HR module] Sanketh account updated by Sanketh

[2017/07/07 05:31:49pm]
[2017/07/07 02:01:49pm][Sanketh][Profile] Sankethprofile changed successfully  Sanketh

[2017/07/10 11:01:36am]
[sanketh@artifactid.com][login module]successfully login by  sanketh@artifactid.com

[2017/07/10 11:45:58am]
[2017/07/10 08:15:58am][Sanketh][HR module] Sanketh account updated by Sanketh

[2017/07/10 03:19:02pm]
[2017/07/10 11:49:02am][Sanketh][HR module] Sanketh account updated by Sanketh

[2017/07/10 05:25:42pm]
[2017/07/10 01:55:42pm][Sanketh][Profile] Sanketh account updated by Sanketh

[2017/07/10 05:26:11pm]
[2017/07/10 01:56:11pm][Sanketh][Profile] Sanketh account updated by Sanketh

[2017/07/10 05:29:14pm]
[2017/07/10 01:59:14pm][Sanketh][Profile] Sanketh account updated by Sanketh

[2017/07/10 05:29:29pm]
[2017/07/10 01:59:29pm][Sanketh][Profile] Sanketh account updated by Sanketh

[2017/07/10 05:31:01pm]
[2017/07/10 02:01:01pm][Sanketh][Profile] Sanketh account updated by Sanketh

[2017/07/10 05:31:17pm]
[2017/07/10 02:01:17pm][Sanketh][Profile] Sanketh account updated by Sanketh

[2017/07/10 06:49:09pm]
[2017/07/10 03:19:09pm][Sanketh][HR module] account deleted by Sanketh

[2017/07/10 06:49:10pm]
[2017/07/10 03:19:10pm][Sanketh][HR module] account deleted by Sanketh

[2017/07/10 06:49:12pm]
[2017/07/10 03:19:12pm][Sanketh][HR module] account deleted by Sanketh

[2017/07/10 06:49:20pm]
[2017/07/10 03:19:20pm][Sanketh][HR module] account deleted by Sanketh

[2017/07/10 06:49:22pm]
[2017/07/10 03:19:22pm][Sanketh][HR module] account deleted by Sanketh

[2017/07/11 08:29:33pm]
[sanketh@artifactid.com][login module]successfully login by  sanketh@artifactid.com

[2017/07/11 08:29:43pm]
[Sanketh][IT Management] request type  added by Sanketh

[2017/07/13 12:05:12pm]
[sanketh@artifactid.com][login module]successfully login by  sanketh@artifactid.com

[2017/07/13 12:07:38pm]
[2017/07/13 08:37:38am][Sanketh][Profile] Sanketh account updated by Sanketh

[2017/07/13 12:07:50pm]
[2017/07/13 08:37:50am][Sanketh][Profile] Sanketh account updated by Sanketh

[2017/07/13 06:13:44pm]
[2017/07/13 02:43:44pm][Sanketh][Profile] Sanketh account updated by Sanketh

[2017/07/13 06:55:52pm]
[sanketh@artifactid.com][login module]successfully login by  sanketh@artifactid.com

[2017/07/14 10:20:34am]
[2017/07/14 06:50:34am][Sanketh][Profile] Sanketh account updated by Sanketh

[2017/07/14 10:22:39am]
[2017/07/14 06:52:39am][Sanketh][HR module] account deleted by Sanketh

[2017/07/14 10:25:43am]
[2017/07/14 06:55:43am][Sanketh][Profile] Sanketh account updated by Sanketh

[2017/07/14 10:26:03am]
[2017/07/14 06:56:03am][Sanketh][Profile] Sanketh account updated by Sanketh

[2017/07/14 10:26:33am]
[2017/07/14 06:56:33am][Sanketh][Profile] Sanketh account updated by Sanketh

[2017/07/14 11:00:25am]
[2017/07/14 07:30:25am][Sanketh][HR module] Sanketh account updated by Sanketh

[2017/07/14 11:01:14am]
[manju@gmail.com][login module]successfully login by  manju@gmail.com

[2017/07/14 11:01:37am]
[2017/07/14 07:31:37am][Manju][Profile] Manju account updated by Manju

[2017/07/14 11:32:29am]
[sanketh@artifactid.com][login module]successfully login by  sanketh@artifactid.com

[2017/07/14 11:42:34am]
[2017/07/14 08:12:34am][Sanketh][Profile] Sanketh account updated by Sanketh

[2017/07/14 11:48:32am]
[Sanketh][wallet module]amount debited by Sanketh

[2017/07/14 11:49:14am]
[Sanketh][wallet module]amount credited by Sanketh

[2017/07/14 11:49:30am]
[Sanketh][wallet module]amount credited by Sanketh

[2017/07/17 06:28:05pm]
[2017/07/17 02:58:05pm][Sanketh][Profile] Sanketh account updated by Sanketh

[2017/07/17 06:28:23pm]
[2017/07/17 02:58:23pm][Sanketh][Profile] Sanketh account updated by Sanketh

[2017/07/18 01:12:05pm]
[sanketh@artifactid.com][login module]successfully login by  sanketh@artifactid.com

[2017/07/18 04:52:44pm]
[2017/07/18 01:22:44pm][Sanketh][Profile] Sanketh account updated by Sanketh

[2017/07/18 05:14:06pm]
[2017/07/18 01:44:06pm][Sanketh][HR module] account deleted by Sanketh

[2017/07/18 05:14:16pm]
[2017/07/18 01:44:16pm][Sanketh][HR module] account deleted by Sanketh

[2017/07/18 05:15:15pm]
[2017/07/18 01:45:15pm][Sanketh][HR module] Sanketh new tech  added by Sanketh

[2017/07/18 05:15:43pm]
[2017/07/18 01:45:43pm][Sanketh][HR module] SankethRecruitement request send by Sanketh

[2017/07/18 05:21:52pm]
[Sanketh][HR module]uploaded by Sanketh

[2017/07/18 05:24:00pm]
[2017/07/18 01:54:00pm][Sanketh][HR module] SankethRecruitement request send by Sanketh

[2017/07/18 05:24:19pm]
[2017/07/18 01:54:19pm][Sanketh][HR module] SankethRecruitement request send by Sanketh

[2017/07/20 10:35:19am]
[sanketh@artifactid.com][login module]successfully login by  sanketh@artifactid.com

[2017/07/20 03:20:22pm]
[sanketh@artifactid.com][login module]successfully login by  sanketh@artifactid.com

[2017/07/20 03:25:03pm]
[sanketh@artifactid.com][login module]successfully login by  sanketh@artifactid.com

[2017/07/21 11:42:31am]
[sanketh@artifactid.com][login module]successfully login by  sanketh@artifactid.com

[2017/07/21 11:43:28am]
[2017/07/21 08:13:28am][Sanketh][Profile] Sanketh account updated by Sanketh

[2017/07/24 11:21:27am]
[sanketh@artifactid.com][login module]successfully login by  sanketh@artifactid.com

